\BOOKMARK [0][-]{section*.2}{\376\377\000C\000o\000r\000e\000\040\000D\000e\000r\000i\000v\000a\000t\000i\000o\000n\000s\000\040\000o\000f\000\040\000t\000h\000e\000\040\000D\000F\000D\000\040\000-\000F\000i\000e\000l\000d\000\040\000E\000q\000u\000a\000t\000i\000o\000n\000\040\000w\000i\000t\000h\000\040\000E\000l\000e\000c\000t\000r\000o\000m\000a\000g\000n\000e\000t\000i\000c\000\040\000S\000o\000u\000r\000c\000e\000s\000,\000\040\000Q\000u\000a\000n\000t\000u\000m\000\040\000C\000o\000h\000e\000r\000e\000n\000c\000e\000\040\000E\000n\000h\000a\000n\000c\000e\000m\000e\000n\000t\000,\000\040\000S\000e\000l\000f\000-\000C\000o\000n\000s\000i\000s\000t\000e\000n\000t\000\040\000B\000a\000c\000k\000-\000R\000e\000a\000c\000t\000i\000o\000n\000,\000\040\000a\000n\000d\000\040\000D\000i\000r\000e\000c\000t\000e\000d\000\040\000F\000o\000r\000c\000e\000\040\000G\000e\000n\000e\000r\000a\000t\000i\000o\000n}{}% 2
\BOOKMARK [1][-]{section*.1}{\376\377\000A\000b\000s\000t\000r\000a\000c\000t}{section*.2}% 1
\BOOKMARK [1][-]{section*.3}{\376\377\000C\000o\000n\000t\000e\000n\000t\000s}{section*.2}% 3
\BOOKMARK [1][-]{section*.4}{\376\377\000T\000h\000e\000\040\000F\000u\000l\000l\000\040\000\040\000F\000i\000e\000l\000d\000\040\000E\000q\000u\000a\000t\000i\000o\000n\000\040\000w\000i\000t\000h\000\040\000E\000l\000e\000c\000t\000r\000o\000m\000a\000g\000n\000e\000t\000i\000c\000\040\000S\000o\000u\000r\000c\000e\000\040\000T\000e\000r\000m\000s}{section*.2}% 4
\BOOKMARK [2][-]{section*.5}{\376\377\000T\000h\000e\000\040\000D\000F\000D\000\040\000A\000c\000t\000i\000o\000n\000\040\000P\000r\000i\000n\000c\000i\000p\000l\000e}{section*.4}% 5
\BOOKMARK [3][-]{section*.6}{\376\377\000S\000c\000a\000l\000a\000r\000\040\000S\000e\000c\000t\000o\000r\000\040\000S}{section*.5}% 6
\BOOKMARK [3][-]{section*.7}{\376\377\000E\000l\000e\000c\000t\000r\000o\000m\000a\000g\000n\000e\000t\000i\000c\000\040\000S\000e\000c\000t\000o\000r\000\040\000S\000E\000M}{section*.5}% 7
\BOOKMARK [3][-]{section*.8}{\376\377\000M\000a\000t\000t\000e\000r\000\040\000S\000e\000c\000t\000o\000r\000\040\000S\000m\000a\000t\000t\000e\000r}{section*.5}% 8
\BOOKMARK [2][-]{section*.9}{\376\377\000V\000a\000r\000i\000a\000t\000i\000o\000n\000\040\000w\000i\000t\000h\000\040\000R\000e\000s\000p\000e\000c\000t\000\040\000t\000o\000\040\000:\000\040\000D\000e\000r\000i\000v\000a\000t\000i\000o\000n\000\040\000o\000f\000\040\000t\000h\000e\000\040\000S\000o\000u\000r\000c\000e\000d\000\040\000F\000i\000e\000l\000d\000\040\000E\000q\000u\000a\000t\000i\000o\000n}{section*.4}% 9
\BOOKMARK [3][-]{section*.10}{\376\377\000S\000t\000e\000p\000\040\0001\000:\000\040\000V\000a\000r\000i\000a\000t\000i\000o\000n\000\040\000o\000f\000\040\000S}{section*.9}% 10
\BOOKMARK [3][-]{section*.11}{\376\377\000S\000t\000e\000p\000\040\0002\000:\000\040\000V\000a\000r\000i\000a\000t\000i\000o\000n\000\040\000o\000f\000\040\000S\000E\000M}{section*.9}% 11
\BOOKMARK [3][-]{section*.12}{\376\377\000S\000t\000e\000p\000\040\0003\000:\000\040\000V\000a\000r\000i\000a\000t\000i\000o\000n\000\040\000o\000f\000\040\000S\000m\000a\000t\000t\000e\000r}{section*.9}% 12
\BOOKMARK [3][-]{section*.13}{\376\377\000S\000t\000e\000p\000\040\0004\000:\000\040\000A\000s\000s\000e\000m\000b\000l\000y\000\040\000o\000f\000\040\000t\000h\000e\000\040\000F\000i\000e\000l\000d\000\040\000E\000q\000u\000a\000t\000i\000o\000n}{section*.9}% 13
\BOOKMARK [2][-]{section*.14}{\376\377\000I\000d\000e\000n\000t\000i\000f\000i\000c\000a\000t\000i\000o\000n\000\040\000o\000f\000\040\000t\000h\000e\000\040\000C\000o\000u\000p\000l\000i\000n\000g\000\040\000C\000o\000n\000s\000t\000a\000n\000t\000\040\0002\000G\000/\000c\0004}{section*.4}% 14
\BOOKMARK [2][-]{section*.15}{\376\377\000S\000t\000r\000u\000c\000t\000u\000r\000e\000\040\000o\000f\000\040\000t\000h\000e\000\040\000S\000o\000u\000r\000c\000e\000:\000\040\000T\000h\000r\000e\000e\000\040\000D\000i\000s\000t\000i\000n\000c\000t\000\040\000C\000o\000n\000t\000r\000i\000b\000u\000t\000i\000o\000n\000s}{section*.4}% 15
\BOOKMARK [1][-]{section*.19}{\376\377\000Q\000u\000a\000n\000t\000u\000m\000\040\000C\000o\000h\000e\000r\000e\000n\000c\000e\000\040\000E\000n\000h\000a\000n\000c\000e\000m\000e\000n\000t\000:\000\040\000T\000h\000e\000\040\000C\000h\000i\000a\000o\000\040\000M\000e\000c\000h\000a\000n\000i\000s\000m\000\040\000i\000n\000\040\000D\000F\000D}{section*.2}% 16
\BOOKMARK [2][-]{section*.20}{\376\377\000T\000h\000e\000\040\000F\000u\000n\000d\000a\000m\000e\000n\000t\000a\000l\000\040\000P\000r\000o\000b\000l\000e\000m\000:\000\040\000W\000e\000a\000k\000n\000e\000s\000s\000\040\000o\000f\000\040\0002\000G\000/\000c\0004}{section*.19}% 17
\BOOKMARK [2][-]{section*.21}{\376\377\000S\000i\000n\000g\000l\000e\000-\000P\000a\000r\000t\000i\000c\000l\000e\000\040\000E\000M\040\023\000\040\000C\000o\000u\000p\000l\000i\000n\000g}{section*.19}% 18
\BOOKMARK [2][-]{section*.22}{\376\377\000N\000\040\000I\000n\000c\000o\000h\000e\000r\000e\000n\000t\000\040\000P\000a\000r\000t\000i\000c\000l\000e\000s}{section*.19}% 19
\BOOKMARK [2][-]{section*.23}{\376\377\000N\000\040\000C\000o\000h\000e\000r\000e\000n\000t\000\040\000P\000a\000r\000t\000i\000c\000l\000e\000s\000:\000\040\000T\000h\000e\000\040\000C\000o\000o\000p\000e\000r\000\040\000P\000a\000i\000r\000\040\000C\000o\000n\000d\000e\000n\000s\000a\000t\000e}{section*.19}% 20
\BOOKMARK [2][-]{section*.24}{\376\377\000D\000e\000r\000i\000v\000a\000t\000i\000o\000n\000\040\000o\000f\000\040\000t\000h\000e\000\040\000N\0002\000/\0003\000\040\000G\000e\000o\000m\000e\000t\000r\000i\000c\000\040\000C\000o\000r\000r\000e\000c\000t\000i\000o\000n}{section*.19}% 21
\BOOKMARK [2][-]{section*.27}{\376\377\000R\000i\000g\000o\000r\000o\000u\000s\000\040\000J\000u\000s\000t\000i\000f\000i\000c\000a\000t\000i\000o\000n\000\040\000o\000f\000\040\000t\000h\000e\000\040\000E\000x\000p\000o\000n\000e\000n\000t}{section*.19}% 22
\BOOKMARK [1][-]{section*.31}{\376\377\000T\000h\000e\000\040\000E\000f\000f\000e\000c\000t\000i\000v\000e\000\040\000\040\000P\000a\000r\000a\000m\000e\000t\000e\000r\000\040\000f\000o\000r\000\040\000a\000\040\000C\000o\000o\000p\000e\000r\000\040\000P\000a\000i\000r\000\040\000C\000o\000n\000d\000e\000n\000s\000a\000t\000e}{section*.2}% 23
\BOOKMARK [2][-]{section*.32}{\376\377\000F\000r\000o\000m\000\040\000\040\000t\000o\000\040\000e\000f\000f}{section*.31}% 24
\BOOKMARK [2][-]{section*.33}{\376\377\000N\000u\000m\000e\000r\000i\000c\000a\000l\000\040\000E\000s\000t\000i\000m\000a\000t\000e\000s\000\040\000f\000o\000r\000\040\000S\000p\000e\000c\000i\000f\000i\000c\000\040\000S\000u\000p\000e\000r\000c\000o\000n\000d\000u\000c\000t\000o\000r\000s}{section*.31}% 25
\BOOKMARK [2][-]{section*.36}{\376\377\000I\000m\000p\000l\000i\000c\000a\000t\000i\000o\000n\000s\000\040\000f\000o\000r\000\040\000t\000h\000e\000\040\000P\000o\000d\000k\000l\000e\000t\000n\000o\000v\000\040\000S\000c\000e\000n\000a\000r\000i\000o}{section*.31}% 26
\BOOKMARK [1][-]{section*.37}{\376\377\000B\000a\000c\000k\000-\000R\000e\000a\000c\000t\000i\000o\000n\000\040\000a\000n\000d\000\040\000S\000e\000l\000f\000-\000C\000o\000n\000s\000i\000s\000t\000e\000n\000c\000y\000:\000\040\000T\000h\000e\000\040\000C\000o\000u\000p\000l\000e\000d\000\040\040\023\000E\000M\000\040\000S\000y\000s\000t\000e\000m}{section*.2}% 27
\BOOKMARK [2][-]{section*.38}{\376\377\000T\000h\000e\000\040\000F\000u\000l\000l\000y\000\040\000C\000o\000u\000p\000l\000e\000d\000\040\000S\000y\000s\000t\000e\000m}{section*.37}% 28
\BOOKMARK [2][-]{section*.44}{\376\377\000P\000e\000r\000t\000u\000r\000b\000a\000t\000i\000v\000e\000\040\000E\000x\000p\000a\000n\000s\000i\000o\000n\000\040\000a\000n\000d\000\040\000L\000i\000n\000e\000a\000r\000i\000z\000a\000t\000i\000o\000n}{section*.37}% 29
\BOOKMARK [2][-]{section*.45}{\376\377\000E\000n\000e\000r\000g\000y\000\040\000F\000u\000n\000c\000t\000i\000o\000n\000a\000l\000\040\000a\000n\000d\000\040\000S\000t\000a\000b\000i\000l\000i\000t\000y\000\040\000C\000r\000i\000t\000e\000r\000i\000o\000n}{section*.37}% 30
\BOOKMARK [2][-]{section*.47}{\376\377\000S\000e\000l\000f\000-\000C\000o\000n\000s\000i\000s\000t\000e\000n\000t\000\040\000I\000t\000e\000r\000a\000t\000i\000v\000e\000\040\000S\000o\000l\000u\000t\000i\000o\000n}{section*.37}% 31
\BOOKMARK [1][-]{section*.53}{\376\377\000T\000h\000e\000\040\000V\000o\000l\000u\000m\000e\000\040\000C\000a\000n\000c\000e\000l\000l\000a\000t\000i\000o\000n\000\040\000T\000h\000e\000o\000r\000e\000m}{section*.2}% 32
\BOOKMARK [2][-]{section*.54}{\376\377\000S\000e\000t\000u\000p\000:\000\040\000E\000M\000\040\000M\000o\000d\000e\000s\000\040\000i\000n\000\040\000a\000\040\000C\000y\000l\000i\000n\000d\000r\000i\000c\000a\000l\000\040\000C\000a\000v\000i\000t\000y}{section*.53}% 33
\BOOKMARK [2][-]{section*.55}{\376\377\000T\000i\000m\000e\000-\000A\000v\000e\000r\000a\000g\000e\000d\000\040\000E\000M\000\040\000E\000n\000e\000r\000g\000y\000\040\000D\000e\000n\000s\000i\000t\000y\000\040\000f\000o\000r\000\040\000S\000t\000a\000n\000d\000i\000n\000g\000\040\000W\000a\000v\000e\000s}{section*.53}% 34
\BOOKMARK [2][-]{section*.56}{\376\377\000T\000h\000e\000\040\000C\000a\000n\000c\000e\000l\000l\000a\000t\000i\000o\000n\000\040\000T\000h\000e\000o\000r\000e\000m\000:\000\040\000S\000t\000a\000n\000d\000i\000n\000g\000\040\000W\000a\000v\000e\000s}{section*.53}% 35
\BOOKMARK [2][-]{section*.58}{\376\377\000B\000r\000e\000a\000k\000i\000n\000g\000\040\000t\000h\000e\000\040\000C\000a\000n\000c\000e\000l\000l\000a\000t\000i\000o\000n\000:\000\040\000T\000r\000a\000v\000e\000l\000i\000n\000g\000\040\000\050\000R\000o\000t\000a\000t\000i\000n\000g\000\051\000\040\000W\000a\000v\000e\000s}{section*.53}% 36
\BOOKMARK [3][-]{section*.59}{\376\377\000C\000o\000n\000s\000t\000r\000u\000c\000t\000i\000o\000n\000\040\000o\000f\000\040\000a\000\040\000R\000o\000t\000a\000t\000i\000n\000g\000\040\000M\000o\000d\000e}{section*.58}% 37
\BOOKMARK [3][-]{section*.60}{\376\377\000T\000i\000m\000e\000-\000A\000v\000e\000r\000a\000g\000e\000d\000\040\000E\000n\000e\000r\000g\000y\000\040\000D\000e\000n\000s\000i\000t\000y\000\040\000o\000f\000\040\000t\000h\000e\000\040\000R\000o\000t\000a\000t\000i\000n\000g\000\040\000M\000o\000d\000e}{section*.58}% 38
\BOOKMARK [1][-]{section*.62}{\376\377\000F\000o\000r\000c\000e\000\040\000o\000n\000\040\000a\000\040\000S\000p\000h\000e\000r\000i\000c\000a\000l\000\040\000S\000h\000e\000l\000l\000\040\000f\000r\000o\000m\000\040\000a\000n\000\040\000A\000s\000y\000m\000m\000e\000t\000r\000i\000c\000\040\000R\000o\000t\000a\000t\000i\000n\000g\000\040\000E\000M\000\040\000F\000i\000e\000l\000d}{section*.2}% 39
\BOOKMARK [2][-]{section*.63}{\376\377\000G\000e\000o\000m\000e\000t\000r\000y\000\040\000a\000n\000d\000\040\000F\000i\000e\000l\000d\000\040\000C\000o\000n\000f\000i\000g\000u\000r\000a\000t\000i\000o\000n}{section*.62}% 40
\BOOKMARK [2][-]{section*.64}{\376\377\000\040\000F\000i\000e\000l\000d\000\040\000G\000e\000n\000e\000r\000a\000t\000e\000d\000\040\000b\000y\000\040\000t\000h\000e\000\040\000E\000M\000\040\000S\000o\000u\000r\000c\000e}{section*.62}% 41
\BOOKMARK [2][-]{section*.65}{\376\377\000\040\000G\000r\000a\000d\000i\000e\000n\000t\000\040\000a\000n\000d\000\040\000A\000c\000c\000e\000l\000e\000r\000a\000t\000i\000o\000n}{section*.62}% 42
\BOOKMARK [2][-]{section*.68}{\376\377\000N\000e\000t\000\040\000F\000o\000r\000c\000e\000\040\000o\000n\000\040\000t\000h\000e\000\040\000S\000h\000e\000l\000l}{section*.62}% 43
\BOOKMARK [3][-]{section*.69}{\376\377\000S\000e\000l\000f\000-\000C\000o\000n\000s\000i\000s\000t\000e\000n\000t\000\040\000S\000h\000e\000l\000l\000\040\000F\000o\000r\000c\000e}{section*.68}% 44
\BOOKMARK [2][-]{section*.70}{\376\377\000T\000h\000e\000\040\000E\000M\000\040\000D\000i\000p\000o\000l\000e\000\040\000M\000o\000m\000e\000n\000t\000\040\000D\000E\000M}{section*.62}% 45
\BOOKMARK [2][-]{section*.72}{\376\377\000M\000a\000t\000e\000r\000i\000a\000l\000\040\000P\000r\000o\000p\000e\000r\000t\000y\000\040\000D\000e\000p\000e\000n\000d\000e\000n\000c\000e}{section*.62}% 46
\BOOKMARK [2][-]{section*.75}{\376\377\000N\000u\000m\000e\000r\000i\000c\000a\000l\000\040\000E\000s\000t\000i\000m\000a\000t\000e\000s}{section*.62}% 47
\BOOKMARK [1][-]{section*.77}{\376\377\000S\000u\000m\000m\000a\000r\000y\000\040\000o\000f\000\040\000K\000e\000y\000\040\000R\000e\000s\000u\000l\000t\000s}{section*.2}% 48
\BOOKMARK [1][-]{section*.78}{\376\377\000A\000c\000k\000n\000o\000w\000l\000e\000d\000g\000m\000e\000n\000t\000s}{section*.2}% 49
\BOOKMARK [1][-]{section*.79}{\376\377\000R\000e\000f\000e\000r\000e\000n\000c\000e\000s}{section*.2}% 50
