\BOOKMARK [0][-]{section*.2}{\376\377\000P\000s\000i\000-\000B\000u\000b\000b\000l\000e\000\040\000P\000r\000o\000p\000u\000l\000s\000i\000o\000n\000:\000\040\000E\000n\000g\000i\000n\000e\000e\000r\000i\000n\000g\000\040\000S\000p\000e\000c\000i\000f\000i\000c\000a\000t\000i\000o\000n\000s\000\040\000f\000o\000r\000\040\000a\000\040\000D\000e\000n\000s\000i\000t\000y\000\040\000F\000i\000e\000l\000d\000\040\000D\000y\000n\000a\000m\000i\000c\000s\000\040\000D\000r\000i\000v\000e\000\040\000U\000s\000i\000n\000g\000\040\000Q\000u\000a\000n\000t\000u\000m\000-\000E\000n\000h\000a\000n\000c\000e\000d\000\040\000E\000l\000e\000c\000t\000r\000o\000m\000a\000g\000n\000e\000t\000i\000c\000-\000G\000r\000a\000v\000i\000t\000a\000t\000i\000o\000n\000a\000l\000\040\000C\000o\000u\000p\000l\000i\000n\000g\000\040\000i\000n\000\040\000F\000e\000r\000r\000i\000t\000e\000-\000S\000u\000p\000e\000r\000c\000o\000n\000d\000u\000c\000t\000o\000r\000\040\000C\000o\000m\000p\000o\000s\000i\000t\000e\000s}{}% 2
\BOOKMARK [1][-]{section*.1}{\376\377\000A\000b\000s\000t\000r\000a\000c\000t}{section*.2}% 1
\BOOKMARK [1][-]{section*.3}{\376\377\000I\000n\000t\000r\000o\000d\000u\000c\000t\000i\000o\000n}{section*.2}% 3
\BOOKMARK [2][-]{section*.4}{\376\377\000T\000h\000e\000\040\000P\000r\000o\000p\000u\000l\000s\000i\000o\000n\000\040\000P\000r\000o\000b\000l\000e\000m}{section*.3}% 4
\BOOKMARK [2][-]{section*.5}{\376\377\000D\000F\000D\000\040\000a\000s\000\040\000a\000\040\000F\000r\000a\000m\000e\000w\000o\000r\000k\000\040\000f\000o\000r\000\040\000P\000r\000o\000p\000u\000l\000s\000i\000o\000n}{section*.3}% 5
\BOOKMARK [2][-]{section*.6}{\376\377\000D\000e\000v\000i\000c\000e\000\040\000C\000o\000n\000c\000e\000p\000t\000\040\000O\000v\000e\000r\000v\000i\000e\000w}{section*.3}% 6
\BOOKMARK [2][-]{section*.7}{\376\377\000S\000c\000o\000p\000e\000\040\000o\000f\000\040\000T\000h\000i\000s\000\040\000P\000a\000p\000e\000r}{section*.3}% 7
\BOOKMARK [1][-]{section*.8}{\376\377\000T\000h\000e\000o\000r\000e\000t\000i\000c\000a\000l\000\040\000F\000r\000a\000m\000e\000w\000o\000r\000k}{section*.2}% 8
\BOOKMARK [2][-]{section*.9}{\376\377\000T\000h\000e\000\040\000D\000F\000D\000\040\000F\000i\000e\000l\000d\000\040\000E\000q\000u\000a\000t\000i\000o\000n}{section*.8}% 9
\BOOKMARK [2][-]{section*.10}{\376\377\000E\000M\000\040\000S\000o\000u\000r\000c\000e\000\040\000T\000e\000r\000m\000s\000\040\000a\000n\000d\000\040\000t\000h\000e\000\040\000C\000o\000u\000p\000l\000i\000n\000g\000\040\000C\000o\000n\000s\000t\000a\000n\000t}{section*.8}% 10
\BOOKMARK [2][-]{section*.11}{\376\377\000T\000h\000e\000\040\000A\000c\000c\000e\000l\000e\000r\000a\000t\000i\000o\000n\000\040\000E\000q\000u\000a\000t\000i\000o\000n\000\040\000a\000n\000d\000\040\000O\000c\000c\000u\000p\000a\000n\000t\000\040\000S\000a\000f\000e\000t\000y}{section*.8}% 11
\BOOKMARK [2][-]{section*.12}{\376\377\000T\000h\000e\000\040\000N\000o\000n\000l\000i\000n\000e\000a\000r\000\040\000\040\000F\000u\000n\000c\000t\000i\000o\000n\000\040\000a\000n\000d\000\040\000t\000h\000e\000\040\000M\000O\000N\000D\000\040\000C\000r\000o\000s\000s\000o\000v\000e\000r}{section*.8}% 12
\BOOKMARK [1][-]{section*.13}{\376\377\000Q\000u\000a\000n\000t\000u\000m\000\040\000C\000o\000h\000e\000r\000e\000n\000c\000e\000\040\000E\000n\000h\000a\000n\000c\000e\000m\000e\000n\000t}{section*.2}% 13
\BOOKMARK [2][-]{section*.14}{\376\377\000B\000C\000S\000\040\000T\000h\000e\000o\000r\000y\000\040\000a\000n\000d\000\040\000C\000o\000o\000p\000e\000r\000\040\000P\000a\000i\000r\000\040\000C\000o\000n\000d\000e\000n\000s\000a\000t\000e\000s}{section*.13}% 14
\BOOKMARK [2][-]{section*.15}{\376\377\000C\000h\000i\000a\000o\000'\000s\000\040\000Q\000u\000a\000n\000t\000u\000m\000\040\000T\000r\000a\000n\000s\000d\000u\000c\000e\000r\000\040\000A\000r\000g\000u\000m\000e\000n\000t\000\040\000A\000d\000a\000p\000t\000e\000d\000\040\000t\000o\000\040\000D\000F\000D}{section*.13}% 15
\BOOKMARK [2][-]{section*.16}{\376\377\000E\000f\000f\000e\000c\000t\000i\000v\000e\000\040\000C\000o\000u\000p\000l\000i\000n\000g\000\040\000i\000n\000\040\000t\000h\000e\000\040\000S\000u\000p\000e\000r\000c\000o\000n\000d\000u\000c\000t\000i\000n\000g\000\040\000C\000o\000n\000d\000e\000n\000s\000a\000t\000e}{section*.13}% 16
\BOOKMARK [2][-]{section*.17}{\376\377\000W\000h\000y\000\040\000t\000h\000e\000\040\000S\000Q\000M\000S\000\040\000B\000o\000u\000n\000d\000\040\000D\000o\000e\000s\000\040\000N\000o\000t\000\040\000C\000o\000n\000s\000t\000r\000a\000i\000n\000\040\000C\000o\000n\000d\000e\000n\000s\000a\000t\000e\000\040\000C\000o\000u\000p\000l\000i\000n\000g}{section*.13}% 17
\BOOKMARK [2][-]{section*.18}{\376\377\000N\000e\000t\000\040\000E\000n\000h\000a\000n\000c\000e\000m\000e\000n\000t\000\040\000F\000a\000c\000t\000o\000r}{section*.13}% 18
\BOOKMARK [1][-]{section*.19}{\376\377\000M\000O\000N\000D\000\040\000N\000o\000n\000l\000i\000n\000e\000a\000r\000\040\000A\000m\000p\000l\000i\000f\000i\000c\000a\000t\000i\000o\000n}{section*.2}% 19
\BOOKMARK [2][-]{section*.20}{\376\377\000T\000h\000e\000\040\000\050\000\051\000\040\000N\000e\000a\000r\000\040\000t\000h\000e\000\040\000C\000r\000o\000s\000s\000o\000v\000e\000r\000\040\000R\000e\000g\000i\000m\000e}{section*.19}% 20
\BOOKMARK [2][-]{section*.21}{\376\377\000D\000e\000e\000p\000\040\000S\000p\000a\000c\000e\000\040\000A\000d\000v\000a\000n\000t\000a\000g\000e}{section*.19}% 21
\BOOKMARK [2][-]{section*.22}{\376\377\000C\000o\000m\000b\000i\000n\000e\000d\000\040\000E\000n\000h\000a\000n\000c\000e\000m\000e\000n\000t\000\040\000w\000i\000t\000h\000\040\000Q\000u\000a\000n\000t\000u\000m\000\040\000C\000o\000h\000e\000r\000e\000n\000c\000e}{section*.19}% 22
\BOOKMARK [1][-]{section*.23}{\376\377\000V\000o\000l\000u\000m\000e\000\040\000C\000a\000n\000c\000e\000l\000l\000a\000t\000i\000o\000n\000\040\000T\000h\000e\000o\000r\000e\000m\000\040\000a\000n\000d\000\040\000R\000o\000t\000a\000t\000i\000n\000g\000\040\000M\000o\000d\000e\000s}{section*.2}% 23
\BOOKMARK [2][-]{section*.24}{\376\377\000P\000r\000o\000o\000f\000\040\000T\000h\000a\000t\000\040\000S\000t\000a\000n\000d\000i\000n\000g\000\040\000W\000a\000v\000e\000s\000\040\000C\000a\000n\000c\000e\000l}{section*.23}% 24
\BOOKMARK [2][-]{section*.25}{\376\377\000P\000r\000o\000o\000f\000\040\000T\000h\000a\000t\000\040\000R\000o\000t\000a\000t\000i\000n\000g\000\040\000M\000o\000d\000e\000s\000\040\000P\000r\000o\000d\000u\000c\000e\000\040\000N\000e\000t\000\040\000T\000h\000r\000u\000s\000t}{section*.23}% 25
\BOOKMARK [2][-]{section*.26}{\376\377\000O\000p\000t\000i\000m\000a\000l\000\040\000M\000o\000d\000e\000\040\000S\000e\000l\000e\000c\000t\000i\000o\000n}{section*.23}% 26
\BOOKMARK [1][-]{section*.27}{\376\377\000S\000e\000l\000f\000-\000C\000o\000n\000s\000i\000s\000t\000e\000n\000t\000\040\000S\000o\000l\000u\000t\000i\000o\000n}{section*.2}% 27
\BOOKMARK [2][-]{section*.28}{\376\377\000C\000o\000u\000p\000l\000e\000d\000\040\000M\000a\000x\000w\000e\000l\000l\040\023\000D\000F\000D\000\040\000S\000y\000s\000t\000e\000m}{section*.27}% 28
\BOOKMARK [2][-]{section*.29}{\376\377\000Z\000e\000r\000o\000t\000h\000\040\000O\000r\000d\000e\000r}{section*.27}% 29
\BOOKMARK [2][-]{section*.30}{\376\377\000F\000i\000r\000s\000t\000\040\000O\000r\000d\000e\000r}{section*.27}% 30
\BOOKMARK [2][-]{section*.31}{\376\377\000S\000e\000c\000o\000n\000d\000\040\000O\000r\000d\000e\000r}{section*.27}% 31
\BOOKMARK [2][-]{section*.32}{\376\377\000S\000t\000a\000b\000i\000l\000i\000t\000y\000\040\000A\000n\000a\000l\000y\000s\000i\000s}{section*.27}% 32
\BOOKMARK [2][-]{section*.33}{\376\377\000E\000n\000e\000r\000g\000y\000\040\000a\000n\000d\000\040\000M\000o\000m\000e\000n\000t\000u\000m\000\040\000C\000o\000n\000s\000e\000r\000v\000a\000t\000i\000o\000n}{section*.27}% 33
\BOOKMARK [1][-]{section*.36}{\376\377\000D\000e\000v\000i\000c\000e\000\040\000E\000n\000g\000i\000n\000e\000e\000r\000i\000n\000g}{section*.2}% 34
\BOOKMARK [2][-]{section*.37}{\376\377\000M\000a\000t\000e\000r\000i\000a\000l\000s}{section*.36}% 35
\BOOKMARK [3][-]{section*.38}{\376\377\000F\000e\000r\000r\000i\000t\000e\000\040\000S\000p\000e\000c\000i\000f\000i\000c\000a\000t\000i\000o\000n\000s}{section*.37}% 36
\BOOKMARK [3][-]{section*.39}{\376\377\000S\000u\000p\000e\000r\000c\000o\000n\000d\000u\000c\000t\000o\000r\000\040\000S\000p\000e\000c\000i\000f\000i\000c\000a\000t\000i\000o\000n\000s}{section*.37}% 37
\BOOKMARK [2][-]{section*.40}{\376\377\000S\000h\000e\000l\000l\000\040\000G\000e\000o\000m\000e\000t\000r\000y\000\040\000a\000n\000d\000\040\000S\000t\000r\000u\000c\000t\000u\000r\000a\000l\000\040\000A\000n\000a\000l\000y\000s\000i\000s}{section*.36}% 38
\BOOKMARK [3][-]{section*.41}{\376\377\000B\000a\000s\000e\000l\000i\000n\000e\000\040\000G\000e\000o\000m\000e\000t\000r\000y}{section*.40}% 39
\BOOKMARK [3][-]{section*.42}{\376\377\000S\000t\000r\000u\000c\000t\000u\000r\000a\000l\000\040\000A\000n\000a\000l\000y\000s\000i\000s}{section*.40}% 40
\BOOKMARK [2][-]{section*.43}{\376\377\000E\000M\000\040\000C\000a\000v\000i\000t\000y\000\040\000D\000e\000s\000i\000g\000n\000\040\000a\000n\000d\000\040\000R\000o\000t\000a\000t\000i\000n\000g\000\040\000M\000o\000d\000e\000\040\000D\000r\000i\000v\000e\000\040\000S\000y\000s\000t\000e\000m}{section*.36}% 41
\BOOKMARK [3][-]{section*.44}{\376\377\000C\000a\000v\000i\000t\000y\000\040\000M\000o\000d\000e\000s}{section*.43}% 42
\BOOKMARK [3][-]{section*.45}{\376\377\000R\000o\000t\000a\000t\000i\000n\000g\000\040\000M\000o\000d\000e\000\040\000G\000e\000n\000e\000r\000a\000t\000i\000o\000n}{section*.43}% 43
\BOOKMARK [3][-]{section*.46}{\376\377\000T\000h\000r\000u\000s\000t\000\040\000V\000e\000c\000t\000o\000r\000i\000n\000g}{section*.43}% 44
\BOOKMARK [2][-]{section*.47}{\376\377\000P\000o\000w\000e\000r\000\040\000S\000y\000s\000t\000e\000m\000s}{section*.36}% 45
\BOOKMARK [3][-]{section*.48}{\376\377\000N\000u\000c\000l\000e\000a\000r\000\040\000R\000e\000a\000c\000t\000o\000r\000\040\000S\000p\000e\000c\000i\000f\000i\000c\000a\000t\000i\000o\000n\000s}{section*.47}% 46
\BOOKMARK [2][-]{section*.49}{\376\377\000C\000r\000y\000o\000g\000e\000n\000i\000c\000\040\000S\000y\000s\000t\000e\000m\000\040\000D\000e\000s\000i\000g\000n}{section*.36}% 47
\BOOKMARK [2][-]{section*.50}{\376\377\000C\000o\000n\000t\000r\000o\000l\000\040\000a\000n\000d\000\040\000T\000h\000r\000u\000s\000t\000\040\000V\000e\000c\000t\000o\000r\000i\000n\000g\000\040\000S\000y\000s\000t\000e\000m}{section*.36}% 48
\BOOKMARK [2][-]{section*.51}{\376\377\000W\000e\000i\000g\000h\000t\000\040\000B\000u\000d\000g\000e\000t\000\040\000a\000n\000d\000\040\000P\000e\000r\000f\000o\000r\000m\000a\000n\000c\000e\000\040\000E\000n\000v\000e\000l\000o\000p\000e}{section*.36}% 49
\BOOKMARK [1][-]{section*.52}{\376\377\000P\000e\000r\000f\000o\000r\000m\000a\000n\000c\000e\000\040\000P\000r\000e\000d\000i\000c\000t\000i\000o\000n\000s}{section*.2}% 50
\BOOKMARK [2][-]{section*.53}{\376\377\000T\000h\000r\000u\000s\000t\000\040\000v\000s\000.\000\040\000S\000t\000o\000r\000e\000d\000\040\000E\000n\000e\000r\000g\000y}{section*.52}% 51
\BOOKMARK [2][-]{section*.54}{\376\377\000T\000r\000a\000n\000s\000i\000t\000\040\000T\000i\000m\000e\000s}{section*.52}% 52
\BOOKMARK [2][-]{section*.55}{\376\377\000T\000h\000e\000\040\000D\000e\000e\000p\000\040\000S\000p\000a\000c\000e\000\040\000P\000e\000r\000f\000o\000r\000m\000a\000n\000c\000e\000\040\000A\000d\000v\000a\000n\000t\000a\000g\000e}{section*.52}% 53
\BOOKMARK [1][-]{section*.56}{\376\377\000E\000x\000p\000e\000r\000i\000m\000e\000n\000t\000a\000l\000\040\000V\000a\000l\000i\000d\000a\000t\000i\000o\000n\000\040\000R\000o\000a\000d\000m\000a\000p}{section*.2}% 54
\BOOKMARK [2][-]{section*.57}{\376\377\000P\000h\000a\000s\000e\000\040\0001\000:\000\040\000\040\000M\000e\000a\000s\000u\000r\000e\000m\000e\000n\000t\000\040\000a\000t\000\040\000S\000Q\000M\000S}{section*.56}% 55
\BOOKMARK [2][-]{section*.59}{\376\377\000P\000h\000a\000s\000e\000\040\0002\000:\000\040\000F\000e\000r\000r\000i\000t\000e\000-\000S\000u\000p\000e\000r\000c\000o\000n\000d\000u\000c\000t\000o\000r\000\040\000C\000o\000u\000p\000o\000n\000\040\000T\000e\000s\000t}{section*.56}% 56
\BOOKMARK [2][-]{section*.60}{\376\377\000P\000h\000a\000s\000e\000\040\0003\000:\000\040\000S\000u\000b\000s\000c\000a\000l\000e\000\040\000D\000e\000m\000o\000n\000s\000t\000r\000a\000t\000o\000r}{section*.56}% 57
\BOOKMARK [2][-]{section*.61}{\376\377\000P\000h\000a\000s\000e\000\040\0004\000:\000\040\000T\000e\000t\000h\000e\000r\000e\000d\000\040\000F\000l\000i\000g\000h\000t}{section*.56}% 58
\BOOKMARK [2][-]{section*.62}{\376\377\000P\000h\000a\000s\000e\000\040\0005\000:\000\040\000F\000r\000e\000e\000\040\000F\000l\000i\000g\000h\000t}{section*.56}% 59
\BOOKMARK [1][-]{section*.63}{\376\377\000C\000o\000m\000m\000e\000r\000c\000i\000a\000l\000\040\000I\000m\000p\000l\000i\000c\000a\000t\000i\000o\000n\000s}{section*.2}% 60
\BOOKMARK [2][-]{section*.64}{\376\377\000C\000o\000s\000t\000\040\000p\000e\000r\000\040\000K\000i\000l\000o\000g\000r\000a\000m\000\040\000t\000o\000\040\000O\000r\000b\000i\000t}{section*.63}% 61
\BOOKMARK [2][-]{section*.65}{\376\377\000P\000a\000y\000l\000o\000a\000d\000\040\000F\000r\000a\000c\000t\000i\000o\000n\000\040\000R\000e\000v\000o\000l\000u\000t\000i\000o\000n}{section*.63}% 62
\BOOKMARK [2][-]{section*.66}{\376\377\000M\000a\000r\000k\000e\000t\000\040\000S\000i\000z\000e\000\040\000P\000r\000o\000j\000e\000c\000t\000i\000o\000n\000s}{section*.63}% 63
\BOOKMARK [2][-]{section*.67}{\376\377\000D\000e\000v\000e\000l\000o\000p\000m\000e\000n\000t\000\040\000I\000n\000v\000e\000s\000t\000m\000e\000n\000t\000\040\000R\000e\000q\000u\000i\000r\000e\000d}{section*.63}% 64
\BOOKMARK [1][-]{section*.68}{\376\377\000C\000o\000n\000c\000l\000u\000s\000i\000o\000n}{section*.2}% 65
\BOOKMARK [2][-]{section*.69}{\376\377\000S\000u\000m\000m\000a\000r\000y\000\040\000o\000f\000\040\000K\000e\000y\000\040\000R\000e\000s\000u\000l\000t\000s}{section*.68}% 66
\BOOKMARK [2][-]{section*.70}{\376\377\000T\000h\000e\000\040\000O\000n\000e\000\040\000M\000e\000a\000s\000u\000r\000e\000m\000e\000n\000t\000\040\000T\000h\000a\000t\000\040\000D\000e\000t\000e\000r\000m\000i\000n\000e\000s\000\040\000E\000v\000e\000r\000y\000t\000h\000i\000n\000g}{section*.68}% 67
\BOOKMARK [2][-]{section*.71}{\376\377\000C\000a\000l\000l\000\040\000t\000o\000\040\000A\000c\000t\000i\000o\000n}{section*.68}% 68
\BOOKMARK [1][-]{section*.72}{\376\377\000M\000a\000t\000e\000r\000i\000a\000l\000\040\000P\000r\000o\000p\000e\000r\000t\000y\000\040\000T\000a\000b\000l\000e\000s}{section*.2}% 69
\BOOKMARK [1][-]{section*.73}{\376\377\000D\000e\000t\000a\000i\000l\000e\000d\000\040\000D\000e\000r\000i\000v\000a\000t\000i\000o\000n\000\040\000o\000f\000\040\000Q\000u\000a\000n\000t\000u\000m\000\040\000C\000o\000h\000e\000r\000e\000n\000c\000e\000\040\000E\000n\000h\000a\000n\000c\000e\000m\000e\000n\000t}{section*.2}% 70
\BOOKMARK [2][-]{section*.74}{\376\377\000B\000C\000S\000\040\000G\000r\000o\000u\000n\000d\000\040\000S\000t\000a\000t\000e\000\040\000a\000n\000d\000\040\000C\000o\000l\000l\000e\000c\000t\000i\000v\000e\000\040\000C\000o\000u\000p\000l\000i\000n\000g}{section*.73}% 71
\BOOKMARK [2][-]{section*.75}{\376\377\000D\000e\000r\000i\000v\000a\000t\000i\000o\000n\000\040\000o\000f\000\040\000t\000h\000e\000\040\000C\000o\000h\000e\000r\000e\000n\000c\000e\000\040\000E\000x\000p\000o\000n\000e\000n\000t}{section*.73}% 72
\BOOKMARK [1][-]{section*.76}{\376\377\000N\000u\000m\000e\000r\000i\000c\000a\000l\000\040\000S\000i\000m\000u\000l\000a\000t\000i\000o\000n\000\040\000M\000e\000t\000h\000o\000d\000o\000l\000o\000g\000y}{section*.2}% 73
\BOOKMARK [2][-]{section*.77}{\376\377\000D\000i\000s\000c\000r\000e\000t\000i\000z\000a\000t\000i\000o\000n}{section*.76}% 74
\BOOKMARK [2][-]{section*.78}{\376\377\000C\000o\000n\000v\000e\000r\000g\000e\000n\000c\000e}{section*.76}% 75
\BOOKMARK [2][-]{section*.79}{\376\377\000C\000o\000d\000e\000\040\000A\000v\000a\000i\000l\000a\000b\000i\000l\000i\000t\000y}{section*.76}% 76
\BOOKMARK [1][-]{section*.80}{\376\377\000E\000n\000g\000i\000n\000e\000e\000r\000i\000n\000g\000\040\000D\000r\000a\000w\000i\000n\000g\000\040\000D\000e\000s\000c\000r\000i\000p\000t\000i\000o\000n\000s}{section*.2}% 77
\BOOKMARK [1][-]{section*.81}{\376\377\000R\000e\000f\000e\000r\000e\000n\000c\000e\000s}{section*.2}% 78
