This is pdfTeX, Version 3.141592653-2.6-1.40.29 (TeX Live 2026/Homebrew) (preloaded format=pdflatex 2026.3.4)  27 MAR 2026 14:29
entering extended mode
 restricted \write18 enabled.
 %&-line parsing enabled.
**psi_bubble_propulsion.tex
(./psi_bubble_propulsion.tex
LaTeX2e <2025-11-01>
L3 programming layer <2026-01-19>

(/opt/homebrew/Cellar/texlive/20260301/share/texmf-dist/tex/latex/revtex/revtex
4-2.cls
Document Class: revtex4-2 2022/06/05 4.2f (https://journals.aps.org/revtex/ for
 documentation)
 Copyright (c) 2019 American Physical Society.
 mailto:revtex@aps.org
 Licensed under the LPPL:
http://www.ctan.org/tex-archive/macros/latex/base/lppl.txt
 Arthur Ogawa <arthur_ogawa at sbcglobal dot net>
 Based on work by David Carlisle <david at dcarlisle.demon.co.uk>
 Version (4.2d--4.2f): Modified by Mark Doyle and Phelype Oleinik
 .
ltxutil[2022/06/05 4.2f utilities package (portions licensed from W. E. Baxter 
web at superscript.com)]
LaTeX Info: Redefining \@centercr on input line 356.
Class revtex4-2 Info: Repairing hyperref-unfriendly LaTeX definition of \mpfoot
note on input line 492.
Class revtex4-2 Info: Repairing broken LateX \@sect on input line 814.
\intertabularlinepenalty=\count275
\@tbpen=\count276
\@arstrutbox@hline=\box53
Class revtex4-2 Info: Repairing broken LaTeX \@xbitor on input line 1845.
Class revtex4-2 Info: Making \typeout \long on input line 2110.
ltxfront[2022/06/05 4.2f frontmatter package (AO,DPC,MD)]
\c@affil=\count277
\c@collab=\count278
\absbox=\box54
ltxgrid[2022/06/05 4.2f page grid package (portions licensed from W. E. Baxter 
web at superscript.com)]
\c@linecount=\count279
\output@latex=\toks17
\box@size@1=\box55
\box@size@2=\box56
\@protection@box=\box57
\@topmark@saved=\toks18
\footins@saved=\box58
\footins@recovered=\box59
\column@recovered=\box60
\pagesofar=\box61
\footsofar=\box62
\pagegrid@col=\count280
Class revtex4-2 Info: Overriding \@vspace, \@vspacer, \@no@pgbk, \@newline, and
 \\  on input line 5676.
\c@part=\count281
\c@section=\count282
\c@subsection=\count283
\c@subsubsection=\count284
\c@paragraph=\count285
\c@subparagraph=\count286
\abovecaptionskip=\skip49
\belowcaptionskip=\skip50
\c@figure=\count287
\fbox@1=\box63
\c@table=\count288
\fbox@2=\box64
\c@video=\count289
\fbox@4=\box65
\@bibdataout=\write3
\widetext@top=\box66
\widetext@bot=\box67

Class revtex4-2 Warning: No Society specified, using default society aps.


(/opt/homebrew/Cellar/texlive/20260301/share/texmf-dist/tex/latex/revtex/aps4-2
.rtx
File: aps4-2 2022/06/05 4.2f (https://journals.aps.org/revtex/ for documentatio
n)
Class revtex4-2 Info: RevTeX society APS selected on input line 40.
)
Class revtex4-2 Info: Selecting journal prl on input line 7671.
Class revtex4-2 Info: APS journal PRL selected on input line 7672.


Class revtex4-2 Warning: No type size specified, using default 10.


(/opt/homebrew/Cellar/texlive/20260301/share/texmf-dist/tex/latex/revtex/aps10p
t4-2.rtx
File: aps10pt4-2 2022/06/05 4.2f (https://journals.aps.org/revtex/ for document
ation)
Class revtex4-2 Info: RevTeX pointsize 10pt selected on input line 39.
)
(/opt/homebrew/Cellar/texlive/20260301/share/texmf-dist/tex/latex/textcase/text
case.sty
Package: textcase 2025/02/16 v1.05 Text only upper/lower case changing (DPC)
Package textcase Info: Defining Legacy names on input line 20.
)
(/opt/homebrew/Cellar/texlive/20260301/share/texmf-dist/tex/latex/url/url.sty
\Urlmuskip=\muskip17
Package: url 2013/09/16  ver 3.4  Verb mode for urls, etc.
)
(/opt/homebrew/Cellar/texlive/20260301/share/texmf-dist/tex/latex/natbib/natbib
.sty
Package: natbib 2010/09/13 8.31b (PWD, AO)
\bibhang=\skip51
\bibsep=\skip52
LaTeX Info: Redefining \cite on input line 694.
\c@NAT@ctr=\count290
)
Class revtex4-2 Info: Repairing natbib's \BibitemShut on input line 7676.

(/opt/homebrew/Cellar/texlive/20260301/share/texmf-dist/tex/latex/revtex/revsym
b4-2.sty
Package: revsymb4-2 2022/06/05 4.2f (https://journals.aps.org/revtex/ for docum
entation)
LaTeX Info: Redefining \REV@mathfrak on input line 128.
))
(/opt/homebrew/Cellar/texlive/20260301/share/texmf-dist/tex/latex/amsmath/amsma
th.sty
Package: amsmath 2025/07/09 v2.17z AMS math features
\@mathmargin=\skip53

For additional information on amsmath, use the `?' option.

(/opt/homebrew/Cellar/texlive/20260301/share/texmf-dist/tex/latex/amsmath/amste
xt.sty
Package: amstext 2024/11/17 v2.01 AMS text

(/opt/homebrew/Cellar/texlive/20260301/share/texmf-dist/tex/latex/amsmath/amsge
n.sty
File: amsgen.sty 1999/11/30 v2.0 generic functions
\@emptytoks=\toks19
\ex@=\dimen148
)
LaTeX Info: Redefining \text on input line 28.
)
(/opt/homebrew/Cellar/texlive/20260301/share/texmf-dist/tex/latex/amsmath/amsbs
y.sty
Package: amsbsy 1999/11/29 v1.2d Bold Symbols
\pmbraise@=\dimen149
)
(/opt/homebrew/Cellar/texlive/20260301/share/texmf-dist/tex/latex/amsmath/amsop
n.sty
Package: amsopn 2022/04/08 v2.04 operator names
)
\inf@bad=\count291
LaTeX Info: Redefining \frac on input line 233.
\uproot@=\count292
\leftroot@=\count293
LaTeX Info: Redefining \overline on input line 398.
LaTeX Info: Redefining \colon on input line 409.
\classnum@=\count294
\DOTSCASE@=\count295
LaTeX Info: Redefining \ldots on input line 495.
LaTeX Info: Redefining \dots on input line 498.
LaTeX Info: Redefining \cdots on input line 619.
\Mathstrutbox@=\box68
\strutbox@=\box69
LaTeX Info: Redefining \big on input line 721.
LaTeX Info: Redefining \Big on input line 722.
LaTeX Info: Redefining \bigg on input line 723.
LaTeX Info: Redefining \Bigg on input line 724.
\big@size=\dimen150
LaTeX Font Info:    Redeclaring font encoding OML on input line 742.
LaTeX Font Info:    Redeclaring font encoding OMS on input line 743.
\macc@depth=\count296
LaTeX Info: Redefining \bmod on input line 904.
LaTeX Info: Redefining \pmod on input line 909.
LaTeX Info: Redefining \smash on input line 939.
LaTeX Info: Redefining \relbar on input line 969.
LaTeX Info: Redefining \Relbar on input line 970.
\c@MaxMatrixCols=\count297
\dotsspace@=\muskip18
\c@parentequation=\count298
\dspbrk@lvl=\count299
\tag@help=\toks20
\row@=\count300
\column@=\count301
\maxfields@=\count302
\andhelp@=\toks21
\eqnshift@=\dimen151
\alignsep@=\dimen152
\tagshift@=\dimen153
\tagwidth@=\dimen154
\totwidth@=\dimen155
\lineht@=\dimen156
\@envbody=\toks22
\multlinegap=\skip54
\multlinetaggap=\skip55
\mathdisplay@stack=\toks23
LaTeX Info: Redefining \[ on input line 2950.
LaTeX Info: Redefining \] on input line 2951.
)
(/opt/homebrew/Cellar/texlive/20260301/share/texmf-dist/tex/latex/amsfonts/amss
ymb.sty
Package: amssymb 2013/01/14 v3.01 AMS font symbols

(/opt/homebrew/Cellar/texlive/20260301/share/texmf-dist/tex/latex/amsfonts/amsf
onts.sty
Package: amsfonts 2013/01/14 v3.01 Basic AMSFonts support
\symAMSa=\mathgroup4
\symAMSb=\mathgroup5
LaTeX Font Info:    Redeclaring math symbol \hbar on input line 98.
LaTeX Font Info:    Overwriting math alphabet `\mathfrak' in version `bold'
(Font)                  U/euf/m/n --> U/euf/b/n on input line 106.
LaTeX Info: Redefining \frak on input line 111.
LaTeX Info: Redefining \Bbb on input line 113.
))
(/opt/homebrew/Cellar/texlive/20260301/share/texmf-dist/tex/latex/graphics/grap
hicx.sty
Package: graphicx 2024/12/31 v1.2e Enhanced LaTeX Graphics (DPC,SPQR)

(/opt/homebrew/Cellar/texlive/20260301/share/texmf-dist/tex/latex/graphics/keyv
al.sty
Package: keyval 2022/05/29 v1.15 key=value parser (DPC)
\KV@toks@=\toks24
)
(/opt/homebrew/Cellar/texlive/20260301/share/texmf-dist/tex/latex/graphics/grap
hics.sty
Package: graphics 2024/08/06 v1.4g Standard LaTeX Graphics (DPC,SPQR)

(/opt/homebrew/Cellar/texlive/20260301/share/texmf-dist/tex/latex/graphics/trig
.sty
Package: trig 2023/12/02 v1.11 sin cos tan (DPC)
)
(/opt/homebrew/Cellar/texlive/20260301/share/texmf-dist/tex/latex/graphics-cfg/
graphics.cfg
File: graphics.cfg 2016/06/04 v1.11 sample graphics configuration
)
Package graphics Info: Driver file: pdftex.def on input line 106.

(/opt/homebrew/Cellar/texlive/20260301/share/texmf-dist/tex/latex/graphics-def/
pdftex.def
File: pdftex.def 2025/09/29 v1.2d Graphics/color driver for pdftex
))
\Gin@req@height=\dimen157
\Gin@req@width=\dimen158
)
(/opt/homebrew/Cellar/texlive/20260301/share/texmf-dist/tex/latex/hyperref/hype
rref.sty
Package: hyperref 2026-01-29 v7.01p Hypertext links for LaTeX

(/opt/homebrew/Cellar/texlive/20260301/share/texmf-dist/tex/generic/iftex/iftex
.sty
Package: iftex 2024/12/12 v1.0g TeX engine tests
)
(/opt/homebrew/Cellar/texlive/20260301/share/texmf-dist/tex/latex/kvsetkeys/kvs
etkeys.sty
Package: kvsetkeys 2022-10-05 v1.19 Key value parser (HO)
)
(/opt/homebrew/Cellar/texlive/20260301/share/texmf-dist/tex/generic/kvdefinekey
s/kvdefinekeys.sty
Package: kvdefinekeys 2019-12-19 v1.6 Define keys (HO)
)
(/opt/homebrew/Cellar/texlive/20260301/share/texmf-dist/tex/generic/pdfescape/p
dfescape.sty
Package: pdfescape 2019/12/09 v1.15 Implements pdfTeX's escape features (HO)

(/opt/homebrew/Cellar/texlive/20260301/share/texmf-dist/tex/generic/ltxcmds/ltx
cmds.sty
Package: ltxcmds 2023-12-04 v1.26 LaTeX kernel commands for general use (HO)
)
(/opt/homebrew/Cellar/texlive/20260301/share/texmf-dist/tex/generic/pdftexcmds/
pdftexcmds.sty
Package: pdftexcmds 2020-06-27 v0.33 Utility functions of pdfTeX for LuaTeX (HO
)

(/opt/homebrew/Cellar/texlive/20260301/share/texmf-dist/tex/generic/infwarerr/i
nfwarerr.sty
Package: infwarerr 2019/12/03 v1.5 Providing info/warning/error messages (HO)
)
Package pdftexcmds Info: \pdf@primitive is available.
Package pdftexcmds Info: \pdf@ifprimitive is available.
Package pdftexcmds Info: \pdfdraftmode found.
))
(/opt/homebrew/Cellar/texlive/20260301/share/texmf-dist/tex/latex/hycolor/hycol
or.sty
Package: hycolor 2020-01-27 v1.10 Color options for hyperref/bookmark (HO)
)
(/opt/homebrew/Cellar/texlive/20260301/share/texmf-dist/tex/latex/hyperref/name
ref.sty
Package: nameref 2026-01-29 v2.58 Cross-referencing by name of section

(/opt/homebrew/Cellar/texlive/20260301/share/texmf-dist/tex/latex/refcount/refc
ount.sty
Package: refcount 2019/12/15 v3.6 Data extraction from label references (HO)
)
(/opt/homebrew/Cellar/texlive/20260301/share/texmf-dist/tex/generic/gettitlestr
ing/gettitlestring.sty
Package: gettitlestring 2019/12/15 v1.6 Cleanup title references (HO)

(/opt/homebrew/Cellar/texlive/20260301/share/texmf-dist/tex/latex/kvoptions/kvo
ptions.sty
Package: kvoptions 2022-06-15 v3.15 Key value format for package options (HO)
))

Package nameref Warning: The definition of \label has changed! 
(nameref)                Check your packages! 
(nameref)                Replacing it with the kernel definition on input line 
161.

\c@section@level=\count303
)
(/opt/homebrew/Cellar/texlive/20260301/share/texmf-dist/tex/latex/etoolbox/etoo
lbox.sty
Package: etoolbox 2025/10/02 v2.5m e-TeX tools for LaTeX (JAW)
\etb@tempcnta=\count304
)
(/opt/homebrew/Cellar/texlive/20260301/share/texmf-dist/tex/generic/stringenc/s
tringenc.sty
Package: stringenc 2019/11/29 v1.12 Convert strings between diff. encodings (HO
)
)
\@linkdim=\dimen159
\Hy@linkcounter=\count305
\Hy@pagecounter=\count306

(/opt/homebrew/Cellar/texlive/20260301/share/texmf-dist/tex/latex/hyperref/pd1e
nc.def
File: pd1enc.def 2026-01-29 v7.01p Hyperref: PDFDocEncoding definition (HO)
Now handling font encoding PD1 ...
... no UTF-8 mapping file for font encoding PD1
)
(/opt/homebrew/Cellar/texlive/20260301/share/texmf-dist/tex/generic/intcalc/int
calc.sty
Package: intcalc 2019/12/15 v1.3 Expandable calculations with integers (HO)
)
\Hy@SavedSpaceFactor=\count307

(/opt/homebrew/Cellar/texlive/20260301/share/texmf-dist/tex/latex/hyperref/puen
c.def
File: puenc.def 2026-01-29 v7.01p Hyperref: PDF Unicode definition (HO)
Now handling font encoding PU ...
... no UTF-8 mapping file for font encoding PU
)
Package hyperref Info: Hyper figures OFF on input line 4201.
Package hyperref Info: Link nesting OFF on input line 4206.
Package hyperref Info: Hyper index ON on input line 4209.
Package hyperref Info: Plain pages OFF on input line 4216.
Package hyperref Info: Backreferencing OFF on input line 4221.
Package hyperref Info: Implicit mode ON; LaTeX internals redefined.
Package hyperref Info: Bookmarks ON on input line 4468.
LaTeX Info: Redefining \href on input line 4718.
\c@Hy@tempcnt=\count308
LaTeX Info: Redefining \url on input line 4807.
\XeTeXLinkMargin=\dimen160

(/opt/homebrew/Cellar/texlive/20260301/share/texmf-dist/tex/generic/bitset/bits
et.sty
Package: bitset 2019/12/09 v1.3 Handle bit-vector datatype (HO)

(/opt/homebrew/Cellar/texlive/20260301/share/texmf-dist/tex/generic/bigintcalc/
bigintcalc.sty
Package: bigintcalc 2019/12/15 v1.5 Expandable calculations on big integers (HO
)
))
\Fld@menulength=\count309
\Field@Width=\dimen161
\Fld@charsize=\dimen162
Package hyperref Info: Hyper figures OFF on input line 6084.
Package hyperref Info: Link nesting OFF on input line 6089.
Package hyperref Info: Hyper index ON on input line 6092.
Package hyperref Info: backreferencing OFF on input line 6099.
Package hyperref Info: Link coloring OFF on input line 6104.
Package hyperref Info: Link coloring with OCG OFF on input line 6109.
Package hyperref Info: PDF/A mode OFF on input line 6114.
\Hy@abspage=\count310
\c@Item=\count311
\c@Hfootnote=\count312
)
Package hyperref Info: Driver (autodetected): hpdftex.

(/opt/homebrew/Cellar/texlive/20260301/share/texmf-dist/tex/latex/hyperref/hpdf
tex.def
File: hpdftex.def 2026-01-29 v7.01p Hyperref driver for pdfTeX
\Fld@listcount=\count313
\c@bookmark@seq@number=\count314

(/opt/homebrew/Cellar/texlive/20260301/share/texmf-dist/tex/latex/rerunfilechec
k/rerunfilecheck.sty
Package: rerunfilecheck 2025-06-21 v1.11 Rerun checks for auxiliary files (HO)

(/opt/homebrew/Cellar/texlive/20260301/share/texmf-dist/tex/generic/uniquecount
er/uniquecounter.sty
Package: uniquecounter 2019/12/15 v1.4 Provide unlimited unique counter (HO)
)
Package uniquecounter Info: New unique counter `rerunfilecheck' on input line 2
84.
)
\Hy@SectionHShift=\skip56
)
(/opt/homebrew/Cellar/texlive/20260301/share/texmf-dist/tex/latex/xcolor/xcolor
.sty
Package: xcolor 2024/09/29 v3.02 LaTeX color extensions (UK)

(/opt/homebrew/Cellar/texlive/20260301/share/texmf-dist/tex/latex/graphics-cfg/
color.cfg
File: color.cfg 2016/01/02 v1.6 sample color configuration
)
Package xcolor Info: Driver file: pdftex.def on input line 274.

(/opt/homebrew/Cellar/texlive/20260301/share/texmf-dist/tex/latex/graphics/math
color.ltx)
Package xcolor Info: Model `cmy' substituted by `cmy0' on input line 1349.
Package xcolor Info: Model `hsb' substituted by `rgb' on input line 1353.
Package xcolor Info: Model `RGB' extended on input line 1365.
Package xcolor Info: Model `HTML' substituted by `rgb' on input line 1367.
Package xcolor Info: Model `Hsb' substituted by `hsb' on input line 1368.
Package xcolor Info: Model `tHsb' substituted by `hsb' on input line 1369.
Package xcolor Info: Model `HSB' substituted by `hsb' on input line 1370.
Package xcolor Info: Model `Gray' substituted by `gray' on input line 1371.
Package xcolor Info: Model `wave' substituted by `hsb' on input line 1372.
)
(/opt/homebrew/Cellar/texlive/20260301/share/texmf-dist/tex/latex/tools/bm.sty
Package: bm 2025/10/21 v1.2g Bold Symbol Support (DPC/FMi)
\symboldoperators=\mathgroup6
\symboldletters=\mathgroup7
\symboldsymbols=\mathgroup8
Package bm Info: No bold for \OMX/cmex/m/n, using \pmb.
Package bm Info: No bold for \U/msa/m/n, using \pmb.
Package bm Info: No bold for \U/msb/m/n, using \pmb.
LaTeX Font Info:    Redeclaring math alphabet \mathbf on input line 149.
LaTeX Info: Redefining \bm on input line 219.
)
(/opt/homebrew/Cellar/texlive/20260301/share/texmf-dist/tex/latex/siunitx/siuni
tx.sty
Package: siunitx 2025-07-09 v3.4.14 A comprehensive (SI) units package
\l__siunitx_number_uncert_offset_int=\count315
\l__siunitx_number_exponent_fixed_int=\count316
\l__siunitx_number_min_decimal_int=\count317
\l__siunitx_number_min_integer_int=\count318
\l__siunitx_number_round_precision_int=\count319
\l__siunitx_number_lower_threshold_int=\count320
\l__siunitx_number_upper_threshold_int=\count321
\l__siunitx_number_group_first_int=\count322
\l__siunitx_number_group_size_int=\count323
\l__siunitx_number_group_minimum_int=\count324
\l__siunitx_angle_tmp_dim=\dimen163
\l__siunitx_angle_marker_box=\box70
\l__siunitx_angle_unit_box=\box71
\l__siunitx_compound_count_int=\count325

(/opt/homebrew/Cellar/texlive/20260301/share/texmf-dist/tex/latex/translations/
translations.sty
Package: translations 2022/02/05 v1.12 internationalization of LaTeX2e packages
 (CN)
)
\l__siunitx_table_tmp_box=\box72
\l__siunitx_table_tmp_dim=\dimen164
\l__siunitx_table_column_width_dim=\dimen165
\l__siunitx_table_integer_box=\box73
\l__siunitx_table_decimal_box=\box74
\l__siunitx_table_uncert_box=\box75
\l__siunitx_table_before_box=\box76
\l__siunitx_table_after_box=\box77
\l__siunitx_table_before_dim=\dimen166
\l__siunitx_table_carry_dim=\dimen167
\l__siunitx_unit_tmp_int=\count326
\l__siunitx_unit_position_int=\count327
\l__siunitx_unit_total_int=\count328

(/opt/homebrew/Cellar/texlive/20260301/share/texmf-dist/tex/latex/tools/array.s
ty
Package: array 2025/09/25 v2.6n Tabular extension package (FMi)
\col@sep=\dimen168
\ar@mcellbox=\box78
\extrarowheight=\dimen169
\NC@list=\toks25
\extratabsurround=\skip57
\backup@length=\skip58
\ar@cellbox=\box79
))
(/opt/homebrew/Cellar/texlive/20260301/share/texmf-dist/tex/latex/booktabs/book
tabs.sty
Package: booktabs 2020/01/12 v1.61803398 Publication quality tables
\heavyrulewidth=\dimen170
\lightrulewidth=\dimen171
\cmidrulewidth=\dimen172
\belowrulesep=\dimen173
\belowbottomsep=\dimen174
\aboverulesep=\dimen175
\abovetopsep=\dimen176
\cmidrulesep=\dimen177
\cmidrulekern=\dimen178
\defaultaddspace=\dimen179
\@cmidla=\count329
\@cmidlb=\count330
\@aboverulesep=\dimen180
\@belowrulesep=\dimen181
\@thisruleclass=\count331
\@lastruleclass=\count332
\@thisrulewidth=\dimen182
)
(/opt/homebrew/Cellar/texlive/20260301/share/texmf-dist/tex/latex/multirow/mult
irow.sty
Package: multirow 2024/11/12 v2.9 Span multiple rows of a table
\multirow@colwidth=\skip59
\multirow@cntb=\count333
\multirow@dima=\skip60
\bigstrutjot=\dimen183
)
(/opt/homebrew/Cellar/texlive/20260301/share/texmf-dist/tex/latex/enumitem/enum
item.sty
Package: enumitem 2025/02/06 v3.11 Customized lists
\labelindent=\skip61
\enit@outerparindent=\dimen184
\enit@toks=\toks26
\enit@inbox=\box80
\enit@count@id=\count334
\enitdp@description=\count335
)
(/opt/homebrew/Cellar/texlive/20260301/share/texmf-dist/tex/latex/mathtools/mat
htools.sty
Package: mathtools 2024/10/04 v1.31 mathematical typesetting tools

(/opt/homebrew/Cellar/texlive/20260301/share/texmf-dist/tex/latex/tools/calc.st
y
Package: calc 2025/03/01 v4.3b Infix arithmetic (KKT,FJ)
\calc@Acount=\count336
\calc@Bcount=\count337
\calc@Adimen=\dimen185
\calc@Bdimen=\dimen186
\calc@Askip=\skip62
\calc@Bskip=\skip63
LaTeX Info: Redefining \setlength on input line 86.
LaTeX Info: Redefining \addtolength on input line 87.
\calc@Ccount=\count338
\calc@Cskip=\skip64
)
(/opt/homebrew/Cellar/texlive/20260301/share/texmf-dist/tex/latex/mathtools/mhs
etup.sty
Package: mhsetup 2021/03/18 v1.4 programming setup (MH)
)
\g_MT_multlinerow_int=\count339
\l_MT_multwidth_dim=\dimen187
\origjot=\skip65
\l_MT_shortvdotswithinadjustabove_dim=\dimen188
\l_MT_shortvdotswithinadjustbelow_dim=\dimen189
\l_MT_above_intertext_sep=\dimen190
\l_MT_below_intertext_sep=\dimen191
\l_MT_above_shortintertext_sep=\dimen192
\l_MT_below_shortintertext_sep=\dimen193
\xmathstrut@box=\box81
\xmathstrut@dim=\dimen194
)
Class revtex4-2 Info: Unrecognized array package. Please update this document c
lass! (Proceeding with fingers crossed.) on input line 39.
Class revtex4-2 Info: cite was not loaded (OK!) on input line 39.
Class revtex4-2 Info: mcite was not loaded (OK!) on input line 39.
Class revtex4-2 Info: multicol was not loaded (OK!) on input line 39.
Package translations Info: No language package found. I am going to use `englis
h' as default language. on input line 39.

(/opt/homebrew/Cellar/texlive/20260301/share/texmf-dist/tex/latex/l3backend/l3b
ackend-pdftex.def
File: l3backend-pdftex.def 2025-10-09 L3 backend support: PDF output (pdfTeX)
\l__color_backend_stack_int=\count340
) (./psi_bubble_propulsion.aux)
\openout1 = `psi_bubble_propulsion.aux'.

LaTeX Font Info:    Checking defaults for OML/cmm/m/it on input line 39.
LaTeX Font Info:    ... okay on input line 39.
LaTeX Font Info:    Checking defaults for OMS/cmsy/m/n on input line 39.
LaTeX Font Info:    ... okay on input line 39.
LaTeX Font Info:    Checking defaults for OT1/cmr/m/n on input line 39.
LaTeX Font Info:    ... okay on input line 39.
LaTeX Font Info:    Checking defaults for T1/cmr/m/n on input line 39.
LaTeX Font Info:    ... okay on input line 39.
LaTeX Font Info:    Checking defaults for TS1/cmr/m/n on input line 39.
LaTeX Font Info:    ... okay on input line 39.
LaTeX Font Info:    Checking defaults for OMX/cmex/m/n on input line 39.
LaTeX Font Info:    ... okay on input line 39.
LaTeX Font Info:    Checking defaults for U/cmr/m/n on input line 39.
LaTeX Font Info:    ... okay on input line 39.
LaTeX Font Info:    Checking defaults for PD1/pdf/m/n on input line 39.
LaTeX Font Info:    ... okay on input line 39.
LaTeX Font Info:    Checking defaults for PU/pdf/m/n on input line 39.
LaTeX Font Info:    ... okay on input line 39.

(/opt/homebrew/Cellar/texlive/20260301/share/texmf-dist/tex/context/base/mkii/s
upp-pdf.mkii
[Loading MPS to PDF converter (version 2006.09.02).]
\scratchcounter=\count341
\scratchdimen=\dimen195
\scratchbox=\box82
\nofMPsegments=\count342
\nofMParguments=\count343
\everyMPshowfont=\toks27
\MPscratchCnt=\count344
\MPscratchDim=\dimen196
\MPnumerator=\count345
\makeMPintoPDFobject=\count346
\everyMPtoPDFconversion=\toks28
)
(/opt/homebrew/Cellar/texlive/20260301/share/texmf-dist/tex/latex/epstopdf-pkg/
epstopdf-base.sty
Package: epstopdf-base 2020-01-24 v2.11 Base part for package epstopdf
Package epstopdf-base Info: Redefining graphics rule for `.eps' on input line 4
85.

(/opt/homebrew/Cellar/texlive/20260301/share/texmf-dist/tex/latex/latexconfig/e
pstopdf-sys.cfg
File: epstopdf-sys.cfg 2010/07/13 v1.3 Configuration of (r)epstopdf for TeX Liv
e
))
Package hyperref Info: Link coloring OFF on input line 39.
 (./psi_bubble_propulsion.out) (./psi_bubble_propulsion.out)
\@outlinefile=\write4
\openout4 = `psi_bubble_propulsion.out'.


(/opt/homebrew/Cellar/texlive/20260301/share/texmf-dist/tex/latex/translations/
translations-basic-dictionary-english.trsl
File: translations-basic-dictionary-english.trsl (english translation file `tra
nslations-basic-dictionary')
)
Package translations Info: loading dictionary `translations-basic-dictionary' f
or `english'. on input line 39.
Class revtex4-2 Info: Taking \maketitle back from hyperref on input line 39.
\openout3 = `psi_bubble_propulsionNotes.bib'.

LaTeX Font Info:    Trying to load font information for U+msa on input line 53.


(/opt/homebrew/Cellar/texlive/20260301/share/texmf-dist/tex/latex/amsfonts/umsa
.fd
File: umsa.fd 2013/01/14 v3.01 AMS symbols A
)
LaTeX Font Info:    Trying to load font information for U+msb on input line 53.


(/opt/homebrew/Cellar/texlive/20260301/share/texmf-dist/tex/latex/amsfonts/umsb
.fd
File: umsb.fd 2013/01/14 v3.01 AMS symbols B
)

Package hyperref Warning: Token not allowed in a PDF string (Unicode):
(hyperref)                removing `\\' on input line 81.


Package hyperref Warning: Token not allowed in a PDF string (Unicode):
(hyperref)                removing `\\' on input line 81.

[1{/opt/homebrew/Cellar/texlive/20260301/share/texmf-dist/fonts/map/pdftex/updm
ap/pdftex.map}]

Package hyperref Warning: Suppressing empty link on input line 179.


Package hyperref Warning: Suppressing empty link on input line 179.


Package hyperref Warning: Suppressing empty link on input line 181.


Package hyperref Warning: Suppressing empty link on input line 183.


Package hyperref Warning: Suppressing empty link on input line 185.


Package hyperref Warning: Suppressing empty link on input line 187.


Underfull \hbox (badness 2495) in paragraph at lines 186--188
 []\OT1/cmr/m/n/10 A five-phase ex-per-i-men-tal val-i-da-tion roadmap
 []


Package hyperref Warning: Suppressing empty link on input line 189.


Overfull \hbox (2.80144pt too wide) detected at line 254
[][][]\OMS/cmsy/m/n/10 r ^^A  [] \OT1/cmr/m/n/10 = \OMS/cmsy/m/n/10 ^^@[]  [] \
OML/cmm/m/it/10 ;
 []

[2{/opt/homebrew/Cellar/texlive/20260301/share/texmf-dist/fonts/enc/dvips/cm-su
per/cm-super-ts1.enc}]

Package hyperref Warning: Token not allowed in a PDF string (Unicode):
(hyperref)                removing `math shift' on input line 291.


Package hyperref Warning: Token not allowed in a PDF string (Unicode):
(hyperref)                removing `\mu' on input line 291.


Package hyperref Warning: Token not allowed in a PDF string (Unicode):
(hyperref)                removing `math shift' on input line 291.

[3]

Package hyperref Warning: Suppressing empty link on input line 459.


Underfull \hbox (badness 2173) in paragraph at lines 456--460
\OT1/cmr/m/n/10 SRF mea-sure-ments are in-ad-ver-tently con-fig-ured to
 []


Underfull \hbox (badness 1377) in paragraph at lines 456--460
\OT1/cmr/m/n/10 sup-press the very sig-nal they might de-tect. The
 []


Underfull \hbox (badness 1281) in paragraph at lines 456--460
\OT1/cmr/m/n/10 through TE+TM su-per-po-si-tion and ro-tat-ing modes
 []


Package hyperref Warning: Token not allowed in a PDF string (Unicode):
(hyperref)                removing `math shift' on input line 487.


Package hyperref Warning: Token not allowed in a PDF string (Unicode):
(hyperref)                removing `\mu' on input line 487.


Package hyperref Warning: Token not allowed in a PDF string (Unicode):
(hyperref)                removing `\psi' on input line 487.


Package hyperref Warning: Token not allowed in a PDF string (Unicode):
(hyperref)                removing `math shift' on input line 487.

[4]

Package hyperref Warning: Suppressing empty link on input line 555.


Overfull \hbox (33.14427pt too wide) detected at line 562
[][][]\OML/cmm/m/it/10 ^^L[] \OMS/cmsy/m/n/10 ^^Y \OT1/cmr/m/n/10 1\OML/cmm/m/i
t/10 :\OT1/cmr/m/n/10 65 \OMS/cmsy/m/n/10 ^^B \OT1/cmr/m/n/10 10[] \OMS/cmsy/m/
n/10 ^^B \OT1/cmr/m/n/10 1\OML/cmm/m/it/10 :\OT1/cmr/m/n/10 7 \OMS/cmsy/m/n/10 
^^B \OT1/cmr/m/n/10 10[] \OMS/cmsy/m/n/10 ^^B \OT1/cmr/m/n/10 1 \OMS/cmsy/m/n/1
0 ^^B E[] ^^Y \OT1/cmr/m/n/10 2\OML/cmm/m/it/10 :\OT1/cmr/m/n/10 8 \OMS/cmsy/m/
n/10 ^^B \OT1/cmr/m/n/10 10[] \OMS/cmsy/m/n/10 E[] \OT1/cmr/m/n/10 m\OML/cmm/m/
it/10 =\OT1/cmr/m/n/10 J\OML/cmm/m/it/10 :
 []


Overfull \hbox (34.54565pt too wide) detected at line 569
[][][]\OML/cmm/m/it/10 ^^L[] \OMS/cmsy/m/n/10 ^^Y \OT1/cmr/m/n/10 1\OML/cmm/m/i
t/10 :\OT1/cmr/m/n/10 65 \OMS/cmsy/m/n/10 ^^B \OT1/cmr/m/n/10 10[] \OMS/cmsy/m/
n/10 ^^B \OT1/cmr/m/n/10 2\OML/cmm/m/it/10 :\OT1/cmr/m/n/10 8 \OMS/cmsy/m/n/10 
^^B \OT1/cmr/m/n/10 10[] \OMS/cmsy/m/n/10 ^^B \OT1/cmr/m/n/10 10 \OMS/cmsy/m/n/
10 ^^B E[] ^^Y \OT1/cmr/m/n/10 4\OML/cmm/m/it/10 :\OT1/cmr/m/n/10 6 \OMS/cmsy/m
/n/10 ^^B \OT1/cmr/m/n/10 10[] \OMS/cmsy/m/n/10 E[] \OT1/cmr/m/n/10 m\OML/cmm/m
/it/10 =\OT1/cmr/m/n/10 J\OML/cmm/m/it/10 :
 []


Underfull \hbox (badness 2343) in paragraph at lines 578--582
[]\OT1/cmr/m/n/10 Consider an elec-tro-mag-netic cav-ity sup-port-ing a
 []


! LaTeX Error: Environment proof undefined.

See the LaTeX manual or LaTeX Companion for explanation.
Type  H <return>  for immediate help.
 ...                                              
                                                  
l.622 \begin{proof}
                   
Your command was ignored.
Type  I <command> <return>  to replace it with another command,
or  <return>  to continue without it.


! LaTeX Error: \begin{document} ended by \end{proof}.

See the LaTeX manual or LaTeX Companion for explanation.
Type  H <return>  for immediate help.
 ...                                              
                                                  
l.630 \end{proof}
                 
Your command was ignored.
Type  I <command> <return>  to replace it with another command,
or  <return>  to continue without it.

[5]
Underfull \hbox (badness 1817) in paragraph at lines 818--822
[]\OT1/cmr/m/n/10 The first-order $\OML/cmm/m/it/10  []$ \OT1/cmr/m/n/10 mod-i-
fies the EM prop-a-ga-tion
 []

[6]
Underfull \hbox (badness 1377) in paragraph at lines 926--929
[]\OT1/cmr/m/n/10 The NiZn fer-rite is se-lected for op-er-a-tion above
 []

[7]
Underfull \hbox (badness 1210) in paragraph at lines 1027--1029
 []\OT1/cmr/m/n/10 Mode fre-quen-cies ac-ces-si-ble with avail-able RF
 []


Underfull \hbox (badness 1715) in paragraph at lines 1082--1085
[]\OT1/cmr/m/n/10 The psi-bubble drive re-quires sus-tained elec-tri-cal
 []


Overfull \hbox (8.70525pt too wide) in alignment at lines 1091--1104
 [] [] 
 []


LaTeX Warning: `h' float specifier changed to `ht'.


Overfull \hbox (14.13579pt too wide) in alignment at lines 1118--1131
 [] [] 
 []


LaTeX Warning: `h' float specifier changed to `ht'.

[8]

LaTeX Warning: A float is stuck (cannot be placed) on input line 1138.


LaTeX Warning: A float is stuck (cannot be placed) on input line 1138.


Class revtex4-2 Warning: Deferred float stuck during \clearpage processing.


Overfull \hbox (15.61627pt too wide) in alignment at lines 1150--1164
 [] [] 
 []


LaTeX Warning: `h' float specifier changed to `ht'.

[9]

Package hyperref Warning: Token not allowed in a PDF string (Unicode):
(hyperref)                removing `math shift' on input line 1334.


Package hyperref Warning: Token not allowed in a PDF string (Unicode):
(hyperref)                removing `\lambda' on input line 1334.


Package hyperref Warning: Token not allowed in a PDF string (Unicode):
(hyperref)                removing `math shift' on input line 1334.


Overfull \hbox (4.46945pt too wide) in alignment at lines 1341--1355
 [] [] 
 []


LaTeX Warning: `h' float specifier changed to `ht'.


LaTeX Warning: `h' float specifier changed to `ht'.


LaTeX Warning: `h' float specifier changed to `ht'.


LaTeX Warning: `h' float specifier changed to `ht'.


LaTeX Warning: `h' float specifier changed to `ht'.


LaTeX Warning: `h' float specifier changed to `ht'.

[10]
Overfull \hbox (23.61827pt too wide) detected at line 1529
[]
 []


LaTeX Warning: `h' float specifier changed to `ht'.


LaTeX Warning: `h' float specifier changed to `ht'.

[11]

LaTeX Warning: A float is stuck (cannot be placed) on input line 1581.


LaTeX Warning: A float is stuck (cannot be placed) on input line 1581.


Class revtex4-2 Warning: Deferred float stuck during \clearpage processing.


Package hyperref Warning: Suppressing empty link on input line 1599.


Underfull \hbox (badness 2012) in paragraph at lines 1603--1608
 \OT1/cmr/m/n/10 ence ($\OMS/cmsy/m/n/10 E[] ^^X \OT1/cmr/m/n/10 10[]$--$10[]$)
, MOND non-lin-ear-ity
 []


Underfull \hbox (badness 1308) in paragraph at lines 1603--1608
 \OT1/cmr/m/n/10 ($\OMS/cmsy/m/n/10 E[] ^^X \OT1/cmr/m/n/10 1$--$10[]$), and pa
ra-met-ric res-o-nance
 []


Underfull \hbox (badness 10000) in paragraph at lines 1609--1613
 []\OT1/cmr/m/n/10 The self-consistent so-lu-tion of the cou-pled
 []


Underfull \hbox (badness 2103) in paragraph at lines 1609--1613
 \OT1/cmr/m/n/10 Maxwell--DFD sys-tem [Eq. []] pro-vides the
 []


Package hyperref Warning: Suppressing empty link on input line 1617.


Package hyperref Warning: Suppressing empty link on input line 1621.

[12]
Underfull \hbox (badness 3281) in paragraph at lines 1642--1647
[]\OT1/cmr/m/n/10 The Phase 1 ex-per-i-ment can be per-formed at
 []

[13]
Underfull \hbox (badness 1275) in paragraph at lines 1800--1802
 []\OT1/cmr/m/n/10 The vol-ume can-cel-la-tion the-o-rem for stand-ing
 []


Underfull \hbox (badness 10000) in paragraph at lines 1823--1825
 []\OT1/cmr/bx/n/10 DFD-PB-002\OT1/cmr/m/n/10 : Shell cross-section---
 []


Underfull \hbox (badness 1178) in paragraph at lines 1846--1850
 []\OT1/cmr/m/n/9 G. T. Al-cock, ``Den-sity Field Dy-nam-ics: A Com-
 []

[14]
Underfull \hbox (badness 1253) in paragraph at lines 1970--1973
 []\OT1/cmr/m/n/9 M. Al-cu-bierre, ``The warp drive: hyper-fast travel
 []


Underfull \hbox (badness 3815) in paragraph at lines 2006--2009
 \OT1/cmr/m/it/9 sion for Hu-man Mars Ex-plo-ration\OT1/cmr/m/n/9 , The Na-tion
al
 []

No file psi_bubble_propulsion.bbl.
[15] (./psi_bubble_propulsion.aux)
 ***********
LaTeX2e <2025-11-01>
L3 programming layer <2026-01-19>
 ***********
Package rerunfilecheck Info: File `psi_bubble_propulsion.out' has not changed.
(rerunfilecheck)             Checksum: F6DDAB205AB744DB764E8491D046FBEC;16457.
 ) 
Here is how much of TeX's memory you used:
 17690 strings out of 467525
 331707 string characters out of 5408440
 753060 words of memory out of 5000000
 46159 multiletter control sequences out of 15000+600000
 639601 words of font info for 83 fonts, out of 8000000 for 9000
 1141 hyphenation exceptions out of 8191
 75i,10n,79p,1064b,1217s stack positions out of 10000i,1000n,20000p,200000b,200000s
</opt/homebrew/Cellar/texlive/20260301/share/texmf-dist/fonts/type1/public/am
sfonts/cm/cmbx10.pfb></opt/homebrew/Cellar/texlive/20260301/share/texmf-dist/fo
nts/type1/public/amsfonts/cm/cmbx12.pfb></opt/homebrew/Cellar/texlive/20260301/
share/texmf-dist/fonts/type1/public/amsfonts/cm/cmbx7.pfb></opt/homebrew/Cellar
/texlive/20260301/share/texmf-dist/fonts/type1/public/amsfonts/cm/cmbx9.pfb></o
pt/homebrew/Cellar/texlive/20260301/share/texmf-dist/fonts/type1/public/amsfont
s/cm/cmex10.pfb></opt/homebrew/Cellar/texlive/20260301/share/texmf-dist/fonts/t
ype1/public/amsfonts/cm/cmmi10.pfb></opt/homebrew/Cellar/texlive/20260301/share
/texmf-dist/fonts/type1/public/amsfonts/cm/cmmi6.pfb></opt/homebrew/Cellar/texl
ive/20260301/share/texmf-dist/fonts/type1/public/amsfonts/cm/cmmi7.pfb></opt/ho
mebrew/Cellar/texlive/20260301/share/texmf-dist/fonts/type1/public/amsfonts/cm/
cmmi9.pfb></opt/homebrew/Cellar/texlive/20260301/share/texmf-dist/fonts/type1/p
ublic/amsfonts/cm/cmr10.pfb></opt/homebrew/Cellar/texlive/20260301/share/texmf-
dist/fonts/type1/public/amsfonts/cm/cmr6.pfb></opt/homebrew/Cellar/texlive/2026
0301/share/texmf-dist/fonts/type1/public/amsfonts/cm/cmr7.pfb></opt/homebrew/Ce
llar/texlive/20260301/share/texmf-dist/fonts/type1/public/amsfonts/cm/cmr9.pfb>
</opt/homebrew/Cellar/texlive/20260301/share/texmf-dist/fonts/type1/public/amsf
onts/cm/cmsy10.pfb></opt/homebrew/Cellar/texlive/20260301/share/texmf-dist/font
s/type1/public/amsfonts/cm/cmsy6.pfb></opt/homebrew/Cellar/texlive/20260301/sha
re/texmf-dist/fonts/type1/public/amsfonts/cm/cmsy7.pfb></opt/homebrew/Cellar/te
xlive/20260301/share/texmf-dist/fonts/type1/public/amsfonts/cm/cmsy9.pfb></opt/
homebrew/Cellar/texlive/20260301/share/texmf-dist/fonts/type1/public/amsfonts/c
m/cmti10.pfb></opt/homebrew/Cellar/texlive/20260301/share/texmf-dist/fonts/type
1/public/amsfonts/cm/cmti9.pfb></opt/homebrew/Cellar/texlive/20260301/share/tex
mf-dist/fonts/type1/public/amsfonts/cm/cmtt9.pfb></opt/homebrew/Cellar/texlive/
20260301/share/texmf-dist/fonts/type1/public/amsfonts/symbols/msam10.pfb></opt/
homebrew/Cellar/texlive/20260301/share/texmf-dist/fonts/type1/public/amsfonts/s
ymbols/msbm10.pfb></opt/homebrew/Cellar/texlive/20260301/share/texmf-dist/fonts
/type1/public/cm-super/sfbx0900.pfb></opt/homebrew/Cellar/texlive/20260301/shar
e/texmf-dist/fonts/type1/public/cm-super/sfrm0900.pfb></opt/homebrew/Cellar/tex
live/20260301/share/texmf-dist/fonts/type1/public/cm-super/sfrm1000.pfb>
Output written on psi_bubble_propulsion.pdf (15 pages, 417682 bytes).
PDF statistics:
 766 PDF objects out of 1000 (max. 8388607)
 691 compressed objects within 7 object streams
 260 named destinations out of 1000 (max. 500000)
 625 words of extra memory for PDF output out of 10000 (max. 10000000)

